<?xml version="1.0" encoding="UTF-8"?>
<!-- Generated by org.testng.reporters.JUnitReportReporter -->
<testsuite hostname="AVI" failures="0" tests="2" name="org.example.testClass2" time="40.106" errors="0" timestamp="2022-01-09T16:44:23 IST" skipped="0">
  <testcase classname="org.example.testClass2" name="loginTest" time="21.755"/>
  <system-out/>
  <testcase classname="org.example.testClass2" name="loginTest" time="18.351"/>
  <system-out/>
</testsuite> <!-- org.example.testClass2 -->
