<?xml version="1.0" encoding="UTF-8"?>
<!-- Generated by org.testng.reporters.JUnitReportReporter -->
<testsuite hostname="AVI" failures="0" tests="2" name="org.example.testClass1" time="0.110" errors="0" timestamp="2022-01-09T16:44:23 IST" skipped="0">
  <testcase classname="org.example.testClass1" name="assertTest2" time="0.048"/>
  <system-out/>
  <testcase classname="org.example.testClass1" name="assertTest1" time="0.062"/>
  <system-out/>
</testsuite> <!-- org.example.testClass1 -->
